<?xml version="1.0" encoding="UTF-8"?>
<!-- Generated by org.testng.reporters.JUnitReportReporter -->
<testsuite hostname="DESKTOP-1AT1G57" failures="0" tests="4" name="com.swalabs.automation.logintc.LoginTc" time="22.643" errors="0" timestamp="25 Apr 2024 04:58:51 GMT" skipped="0">
  <testcase classname="com.swalabs.automation.logintc.LoginTc" name="login_Using_InValidpwd" time="4.015"/>
  <testcase classname="com.swalabs.automation.logintc.LoginTc" name="login_Using_Valid" time="5.543"/>
  <testcase classname="com.swalabs.automation.logintc.LoginTc" name="login_Using_InValidname" time="8.041"/>
  <testcase classname="com.swalabs.automation.logintc.LoginTc" name="login_Using_empty" time="5.044"/>
</testsuite> <!-- com.swalabs.automation.logintc.LoginTc -->
